{"level":"info","time":"2026-03-11T16:02:54Z","message":"Thank you for trying Cloudflare Tunnel. Doing so, without a Cloudflare account, is a quick way to experiment and try it out. However, be aware that these account-less Tunnels have no uptime guarantee, are subject to the Cloudflare Online Services Terms of Use (https://www.cloudflare.com/website-terms/), and Cloudflare reserves the right to investigate your use of Tunnels for violations of such terms. If you intend to use Tunnels in production you should use a pre-created named tunnel by following: https://developers.cloudflare.com/cloudflare-one/connections/connect-apps"}
{"level":"info","time":"2026-03-11T16:02:54Z","message":"Requesting new quick Tunnel on trycloudflare.com..."}
{"level":"info","time":"2026-03-11T16:03:00Z","message":"+--------------------------------------------------------------------------------------------+"}
{"level":"info","time":"2026-03-11T16:03:00Z","message":"|  Your quick Tunnel has been created! Visit it at (it may take some time to be reachable):  |"}
{"level":"info","time":"2026-03-11T16:03:00Z","message":"|  https://southampton-bedrooms-cosmetics-teacher.trycloudflare.com                          |"}
{"level":"info","time":"2026-03-11T16:03:00Z","message":"+--------------------------------------------------------------------------------------------+"}
{"level":"info","time":"2026-03-11T16:03:00Z","message":"Cannot determine default configuration path. No file [config.yml config.yaml] in [~/.cloudflared ~/.cloudflare-warp ~/cloudflare-warp]"}
{"level":"info","time":"2026-03-11T16:03:00Z","message":"Version 2026.3.0 (Checksum 59b12880b24af581cf5b1013db601c7d843b9b097e9c78aa5957c7f39f741885)"}
{"level":"info","time":"2026-03-11T16:03:00Z","message":"GOOS: windows, GOVersion: go1.24.13, GoArch: amd64"}
{"level":"info","time":"2026-03-11T16:03:00Z","message":"Settings: map[ha-connections:1 logfile:C:/Users/User/Documents/cloud uko/apps/toursim app/tourguide2.0/app/tourguide-frontend-fresh/project structure/workspace/scripts/cloudflared.log protocol:quic url:http://localhost:3000]"}
{"level":"info","time":"2026-03-11T16:03:00Z","message":"cloudflared will not automatically update on Windows systems."}
{"level":"info","time":"2026-03-11T16:03:00Z","message":"Generated Connector ID: 4ba30bf1-1f6a-4010-a7dc-f6a01ddf3e90"}
{"level":"info","time":"2026-03-11T16:03:00Z","message":"Initial protocol quic"}
{"level":"info","time":"2026-03-11T16:03:00Z","message":"ICMP proxy will use 192.168.0.229 as source for IPv4"}
{"level":"info","time":"2026-03-11T16:03:00Z","message":"ICMP proxy will use fd22:e223:308d::761 in zone Wi-Fi as source for IPv6"}
{"level":"info","time":"2026-03-11T16:03:20Z","message":"cloudflared does not support loading the system root certificate pool on Windows. Please use --origin-ca-pool <PATH> to specify the path to the certificate pool"}
{"level":"info","time":"2026-03-11T16:03:20Z","message":"ICMP proxy will use 192.168.0.229 as source for IPv4"}
{"level":"info","time":"2026-03-11T16:03:20Z","message":"ICMP proxy will use fd22:e223:308d::761 in zone Wi-Fi as source for IPv6"}
{"level":"info","time":"2026-03-11T16:03:20Z","message":"Starting metrics server on 127.0.0.1:20241/metrics"}
{"level":"info","time":"2026-03-11T16:03:31Z","message":"Tunnel server stopped"}
{"level":"error","error":"Couldn't resolve SRV record &{region1.v2.argotunnel.com. 7844 1 1}: lookup region1.v2.argotunnel.com.: getaddrinfow: The requested name is valid, but no data of the requested type was found.","time":"2026-03-11T16:03:31Z","message":"Initiating shutdown"}
{"level":"info","time":"2026-03-11T16:03:31Z","message":"Metrics server stopped"}
